[1.326s] Invoking command in '/home/river/simulation/convoy/src/ts_convoy_comm': PYTHONPATH=/home/river/simulation/convoy/build/ts_convoy_comm/prefix_override:/usr/lib/python3/dist-packages/colcon_core/task/python/colcon_distutils_commands:/home/river/simulation/convoy/install/ts_convoy_comm/lib/python3.8/site-packages:${PYTHONPATH} /usr/bin/python3 -W ignore:setup.py install is deprecated -W ignore:easy_install command is deprecated setup.py egg_info --egg-base ../../build/ts_convoy_comm build --build-base /home/river/simulation/convoy/build/ts_convoy_comm/build install --record /home/river/simulation/convoy/build/ts_convoy_comm/install.log --single-version-externally-managed install_data
[1.655s] running egg_info
[1.656s] writing ../../build/ts_convoy_comm/ts_convoy_comm.egg-info/PKG-INFO
[1.657s] writing dependency_links to ../../build/ts_convoy_comm/ts_convoy_comm.egg-info/dependency_links.txt
[1.657s] writing entry points to ../../build/ts_convoy_comm/ts_convoy_comm.egg-info/entry_points.txt
[1.657s] writing requirements to ../../build/ts_convoy_comm/ts_convoy_comm.egg-info/requires.txt
[1.657s] writing top-level names to ../../build/ts_convoy_comm/ts_convoy_comm.egg-info/top_level.txt
[1.702s] reading manifest file '../../build/ts_convoy_comm/ts_convoy_comm.egg-info/SOURCES.txt'
[1.703s] writing manifest file '../../build/ts_convoy_comm/ts_convoy_comm.egg-info/SOURCES.txt'
[1.704s] running build
[1.704s] running build_py
[1.704s] copying ts_convoy_comm/ts_sub.py -> /home/river/simulation/convoy/build/ts_convoy_comm/build/lib/ts_convoy_comm
[1.704s] running install
[1.705s] running install_lib
[1.706s] copying /home/river/simulation/convoy/build/ts_convoy_comm/build/lib/ts_convoy_comm/ts_sub.py -> /home/river/simulation/convoy/install/ts_convoy_comm/lib/python3.8/site-packages/ts_convoy_comm
[1.707s] byte-compiling /home/river/simulation/convoy/install/ts_convoy_comm/lib/python3.8/site-packages/ts_convoy_comm/ts_sub.py to ts_sub.cpython-38.pyc
[1.710s] running install_data
[1.710s] running install_egg_info
[1.712s] removing '/home/river/simulation/convoy/install/ts_convoy_comm/lib/python3.8/site-packages/ts_convoy_comm-0.0.0-py3.8.egg-info' (and everything under it)
[1.712s] Copying ../../build/ts_convoy_comm/ts_convoy_comm.egg-info to /home/river/simulation/convoy/install/ts_convoy_comm/lib/python3.8/site-packages/ts_convoy_comm-0.0.0-py3.8.egg-info
[1.713s] running install_scripts
[1.733s] Installing ts_pub script to /home/river/simulation/convoy/install/ts_convoy_comm/lib/ts_convoy_comm
[1.733s] Installing ts_sub script to /home/river/simulation/convoy/install/ts_convoy_comm/lib/ts_convoy_comm
[1.734s] writing list of installed files to '/home/river/simulation/convoy/build/ts_convoy_comm/install.log'
[1.775s] Invoked command in '/home/river/simulation/convoy/src/ts_convoy_comm' returned '0': PYTHONPATH=/home/river/simulation/convoy/build/ts_convoy_comm/prefix_override:/usr/lib/python3/dist-packages/colcon_core/task/python/colcon_distutils_commands:/home/river/simulation/convoy/install/ts_convoy_comm/lib/python3.8/site-packages:${PYTHONPATH} /usr/bin/python3 -W ignore:setup.py install is deprecated -W ignore:easy_install command is deprecated setup.py egg_info --egg-base ../../build/ts_convoy_comm build --build-base /home/river/simulation/convoy/build/ts_convoy_comm/build install --record /home/river/simulation/convoy/build/ts_convoy_comm/install.log --single-version-externally-managed install_data
