/home/river/simulation/convoy/install/tapsdk/lib/python3.8/site-packages/tapsdk/parsers.py
/home/river/simulation/convoy/install/tapsdk/lib/python3.8/site-packages/tapsdk/__init__.py
/home/river/simulation/convoy/install/tapsdk/lib/python3.8/site-packages/tapsdk/__version__.py
/home/river/simulation/convoy/install/tapsdk/lib/python3.8/site-packages/tapsdk/TapSDK.py
/home/river/simulation/convoy/install/tapsdk/lib/python3.8/site-packages/tapsdk/models/__init__.py
/home/river/simulation/convoy/install/tapsdk/lib/python3.8/site-packages/tapsdk/models/uuids.py
/home/river/simulation/convoy/install/tapsdk/lib/python3.8/site-packages/tapsdk/models/enumerations.py
/home/river/simulation/convoy/install/tapsdk/lib/python3.8/site-packages/tapsdk/backends/__init__.py
/home/river/simulation/convoy/install/tapsdk/lib/python3.8/site-packages/tapsdk/backends/dotnet/__init__.py
/home/river/simulation/convoy/install/tapsdk/lib/python3.8/site-packages/tapsdk/backends/dotnet/inputmodes.py
/home/river/simulation/convoy/install/tapsdk/lib/python3.8/site-packages/tapsdk/backends/dotnet/TapSDK.py
/home/river/simulation/convoy/install/tapsdk/lib/python3.8/site-packages/tapsdk/backends/posix/__init__.py
/home/river/simulation/convoy/install/tapsdk/lib/python3.8/site-packages/tapsdk/backends/posix/inputmodes.py
/home/river/simulation/convoy/install/tapsdk/lib/python3.8/site-packages/tapsdk/backends/posix/TapSDK.py
/home/river/simulation/convoy/install/tapsdk/lib/python3.8/site-packages/tapsdk/backends/dotnet/TAPWin.dll
/home/river/simulation/convoy/install/tapsdk/lib/python3.8/site-packages/tapsdk/__pycache__/parsers.cpython-38.pyc
/home/river/simulation/convoy/install/tapsdk/lib/python3.8/site-packages/tapsdk/__pycache__/__init__.cpython-38.pyc
/home/river/simulation/convoy/install/tapsdk/lib/python3.8/site-packages/tapsdk/__pycache__/__version__.cpython-38.pyc
/home/river/simulation/convoy/install/tapsdk/lib/python3.8/site-packages/tapsdk/__pycache__/TapSDK.cpython-38.pyc
/home/river/simulation/convoy/install/tapsdk/lib/python3.8/site-packages/tapsdk/models/__pycache__/__init__.cpython-38.pyc
/home/river/simulation/convoy/install/tapsdk/lib/python3.8/site-packages/tapsdk/models/__pycache__/uuids.cpython-38.pyc
/home/river/simulation/convoy/install/tapsdk/lib/python3.8/site-packages/tapsdk/models/__pycache__/enumerations.cpython-38.pyc
/home/river/simulation/convoy/install/tapsdk/lib/python3.8/site-packages/tapsdk/backends/__pycache__/__init__.cpython-38.pyc
/home/river/simulation/convoy/install/tapsdk/lib/python3.8/site-packages/tapsdk/backends/dotnet/__pycache__/__init__.cpython-38.pyc
/home/river/simulation/convoy/install/tapsdk/lib/python3.8/site-packages/tapsdk/backends/dotnet/__pycache__/inputmodes.cpython-38.pyc
/home/river/simulation/convoy/install/tapsdk/lib/python3.8/site-packages/tapsdk/backends/dotnet/__pycache__/TapSDK.cpython-38.pyc
/home/river/simulation/convoy/install/tapsdk/lib/python3.8/site-packages/tapsdk/backends/posix/__pycache__/__init__.cpython-38.pyc
/home/river/simulation/convoy/install/tapsdk/lib/python3.8/site-packages/tapsdk/backends/posix/__pycache__/inputmodes.cpython-38.pyc
/home/river/simulation/convoy/install/tapsdk/lib/python3.8/site-packages/tapsdk/backends/posix/__pycache__/TapSDK.cpython-38.pyc
/home/river/simulation/convoy/install/tapsdk/lib/python3.8/site-packages/tapsdk-0.6.0-py3.8.egg-info/requires.txt
/home/river/simulation/convoy/install/tapsdk/lib/python3.8/site-packages/tapsdk-0.6.0-py3.8.egg-info/top_level.txt
/home/river/simulation/convoy/install/tapsdk/lib/python3.8/site-packages/tapsdk-0.6.0-py3.8.egg-info/SOURCES.txt
/home/river/simulation/convoy/install/tapsdk/lib/python3.8/site-packages/tapsdk-0.6.0-py3.8.egg-info/dependency_links.txt
/home/river/simulation/convoy/install/tapsdk/lib/python3.8/site-packages/tapsdk-0.6.0-py3.8.egg-info/PKG-INFO
