[0.303s] DEBUG:colcon:Command line arguments: ['/usr/bin/colcon', 'build']
[0.303s] DEBUG:colcon:Parsed command line arguments: Namespace(allow_overriding=[], ament_cmake_args=None, base_paths=['.'], build_base='build', catkin_cmake_args=None, catkin_skip_building_tests=False, cmake_args=None, cmake_clean_cache=False, cmake_clean_first=False, cmake_force_configure=False, cmake_target=None, cmake_target_skip_unavailable=False, continue_on_error=False, event_handlers=None, executor='parallel', ignore_user_meta=False, install_base='install', log_base=None, log_level=None, main=<bound method BuildVerb.main of <colcon_core.verb.build.BuildVerb object at 0x7f4b886387f0>>, merge_install=False, metas=['./colcon.meta'], mixin=None, mixin_files=None, mixin_verb=('build',), packages_above=None, packages_above_and_dependencies=None, packages_above_depth=None, packages_end=None, packages_ignore=None, packages_ignore_regex=None, packages_select=None, packages_select_build_failed=False, packages_select_by_dep=None, packages_select_regex=None, packages_select_test_failures=False, packages_skip=None, packages_skip_build_finished=False, packages_skip_by_dep=None, packages_skip_regex=None, packages_skip_test_passed=False, packages_skip_up_to=None, packages_start=None, packages_up_to=None, packages_up_to_regex=None, parallel_workers=8, paths=None, symlink_install=False, test_result_base=None, verb_extension=<colcon_core.verb.build.BuildVerb object at 0x7f4b886387f0>, verb_name='build', verb_parser=<colcon_mixin.mixin.mixin_argument.MixinArgumentDecorator object at 0x7f4b88518190>)
[0.535s] Level 1:colcon.colcon_core.package_discovery:discover_packages(colcon_meta) check parameters
[0.536s] Level 1:colcon.colcon_core.package_discovery:discover_packages(recursive) check parameters
[0.536s] Level 1:colcon.colcon_core.package_discovery:discover_packages(ignore) check parameters
[0.536s] Level 1:colcon.colcon_core.package_discovery:discover_packages(path) check parameters
[0.536s] Level 1:colcon.colcon_core.package_discovery:discover_packages(colcon_meta) discover
[0.536s] Level 1:colcon.colcon_core.package_discovery:discover_packages(recursive) discover
[0.536s] INFO:colcon.colcon_core.package_discovery:Crawling recursively for packages in '/home/river/simulation/convoy'
[0.536s] Level 1:colcon.colcon_core.package_identification:_identify(.) by extensions ['ignore', 'ignore_ament_install']
[0.536s] Level 1:colcon.colcon_core.package_identification:_identify(.) by extension 'ignore'
[0.536s] Level 1:colcon.colcon_core.package_identification:_identify(.) by extension 'ignore_ament_install'
[0.536s] Level 1:colcon.colcon_core.package_identification:_identify(.) by extensions ['colcon_pkg']
[0.536s] Level 1:colcon.colcon_core.package_identification:_identify(.) by extension 'colcon_pkg'
[0.536s] Level 1:colcon.colcon_core.package_identification:_identify(.) by extensions ['colcon_meta']
[0.537s] Level 1:colcon.colcon_core.package_identification:_identify(.) by extension 'colcon_meta'
[0.537s] Level 1:colcon.colcon_core.package_identification:_identify(.) by extensions ['ros']
[0.537s] Level 1:colcon.colcon_core.package_identification:_identify(.) by extension 'ros'
[0.549s] Level 1:colcon.colcon_core.package_identification:_identify(.) by extensions ['cmake', 'python']
[0.549s] Level 1:colcon.colcon_core.package_identification:_identify(.) by extension 'cmake'
[0.549s] Level 1:colcon.colcon_core.package_identification:_identify(.) by extension 'python'
[0.549s] Level 1:colcon.colcon_core.package_identification:_identify(.) by extensions ['python_setup_py']
[0.549s] Level 1:colcon.colcon_core.package_identification:_identify(.) by extension 'python_setup_py'
[0.549s] Level 1:colcon.colcon_core.package_identification:_identify(build) by extensions ['ignore', 'ignore_ament_install']
[0.550s] Level 1:colcon.colcon_core.package_identification:_identify(build) by extension 'ignore'
[0.550s] Level 1:colcon.colcon_core.package_identification:_identify(build) ignored
[0.550s] Level 1:colcon.colcon_core.package_identification:_identify(install) by extensions ['ignore', 'ignore_ament_install']
[0.550s] Level 1:colcon.colcon_core.package_identification:_identify(install) by extension 'ignore'
[0.550s] Level 1:colcon.colcon_core.package_identification:_identify(install) ignored
[0.550s] Level 1:colcon.colcon_core.package_identification:_identify(log) by extensions ['ignore', 'ignore_ament_install']
[0.550s] Level 1:colcon.colcon_core.package_identification:_identify(log) by extension 'ignore'
[0.550s] Level 1:colcon.colcon_core.package_identification:_identify(log) ignored
[0.550s] Level 1:colcon.colcon_core.package_identification:_identify(src) by extensions ['ignore', 'ignore_ament_install']
[0.550s] Level 1:colcon.colcon_core.package_identification:_identify(src) by extension 'ignore'
[0.551s] Level 1:colcon.colcon_core.package_identification:_identify(src) by extension 'ignore_ament_install'
[0.551s] Level 1:colcon.colcon_core.package_identification:_identify(src) by extensions ['colcon_pkg']
[0.551s] Level 1:colcon.colcon_core.package_identification:_identify(src) by extension 'colcon_pkg'
[0.551s] Level 1:colcon.colcon_core.package_identification:_identify(src) by extensions ['colcon_meta']
[0.551s] Level 1:colcon.colcon_core.package_identification:_identify(src) by extension 'colcon_meta'
[0.551s] Level 1:colcon.colcon_core.package_identification:_identify(src) by extensions ['ros']
[0.551s] Level 1:colcon.colcon_core.package_identification:_identify(src) by extension 'ros'
[0.551s] Level 1:colcon.colcon_core.package_identification:_identify(src) by extensions ['cmake', 'python']
[0.551s] Level 1:colcon.colcon_core.package_identification:_identify(src) by extension 'cmake'
[0.551s] Level 1:colcon.colcon_core.package_identification:_identify(src) by extension 'python'
[0.551s] Level 1:colcon.colcon_core.package_identification:_identify(src) by extensions ['python_setup_py']
[0.551s] Level 1:colcon.colcon_core.package_identification:_identify(src) by extension 'python_setup_py'
[0.551s] Level 1:colcon.colcon_core.package_identification:_identify(src/tap-python-sdk) by extensions ['ignore', 'ignore_ament_install']
[0.551s] Level 1:colcon.colcon_core.package_identification:_identify(src/tap-python-sdk) by extension 'ignore'
[0.551s] Level 1:colcon.colcon_core.package_identification:_identify(src/tap-python-sdk) by extension 'ignore_ament_install'
[0.551s] Level 1:colcon.colcon_core.package_identification:_identify(src/tap-python-sdk) by extensions ['colcon_pkg']
[0.551s] Level 1:colcon.colcon_core.package_identification:_identify(src/tap-python-sdk) by extension 'colcon_pkg'
[0.551s] Level 1:colcon.colcon_core.package_identification:_identify(src/tap-python-sdk) by extensions ['colcon_meta']
[0.552s] Level 1:colcon.colcon_core.package_identification:_identify(src/tap-python-sdk) by extension 'colcon_meta'
[0.552s] Level 1:colcon.colcon_core.package_identification:_identify(src/tap-python-sdk) by extensions ['ros']
[0.552s] Level 1:colcon.colcon_core.package_identification:_identify(src/tap-python-sdk) by extension 'ros'
[0.552s] Level 1:colcon.colcon_core.package_identification:_identify(src/tap-python-sdk) by extensions ['cmake', 'python']
[0.552s] Level 1:colcon.colcon_core.package_identification:_identify(src/tap-python-sdk) by extension 'cmake'
[0.552s] Level 1:colcon.colcon_core.package_identification:_identify(src/tap-python-sdk) by extension 'python'
[0.552s] Level 1:colcon.colcon_core.package_identification:_identify(src/tap-python-sdk) by extensions ['python_setup_py']
[0.552s] Level 1:colcon.colcon_core.package_identification:_identify(src/tap-python-sdk) by extension 'python_setup_py'
[0.872s] DEBUG:colcon.colcon_core.package_identification:Package 'src/tap-python-sdk' with type 'python' and name 'tapsdk'
[0.872s] Level 1:colcon.colcon_core.package_identification:_identify(src/ts_convoy_comm) by extensions ['ignore', 'ignore_ament_install']
[0.872s] Level 1:colcon.colcon_core.package_identification:_identify(src/ts_convoy_comm) by extension 'ignore'
[0.872s] Level 1:colcon.colcon_core.package_identification:_identify(src/ts_convoy_comm) by extension 'ignore_ament_install'
[0.873s] Level 1:colcon.colcon_core.package_identification:_identify(src/ts_convoy_comm) by extensions ['colcon_pkg']
[0.873s] Level 1:colcon.colcon_core.package_identification:_identify(src/ts_convoy_comm) by extension 'colcon_pkg'
[0.873s] Level 1:colcon.colcon_core.package_identification:_identify(src/ts_convoy_comm) by extensions ['colcon_meta']
[0.873s] Level 1:colcon.colcon_core.package_identification:_identify(src/ts_convoy_comm) by extension 'colcon_meta'
[0.873s] Level 1:colcon.colcon_core.package_identification:_identify(src/ts_convoy_comm) by extensions ['ros']
[0.873s] Level 1:colcon.colcon_core.package_identification:_identify(src/ts_convoy_comm) by extension 'ros'
[0.876s] DEBUG:colcon.colcon_core.package_identification:Package 'src/ts_convoy_comm' with type 'ros.ament_python' and name 'ts_convoy_comm'
[0.876s] Level 1:colcon.colcon_core.package_discovery:discover_packages(recursive) using defaults
[0.876s] Level 1:colcon.colcon_core.package_discovery:discover_packages(ignore) discover
[0.876s] Level 1:colcon.colcon_core.package_discovery:discover_packages(ignore) using defaults
[0.876s] Level 1:colcon.colcon_core.package_discovery:discover_packages(path) discover
[0.876s] Level 1:colcon.colcon_core.package_discovery:discover_packages(path) using defaults
[0.920s] Level 1:colcon.colcon_core.package_discovery:discover_packages(prefix_path) check parameters
[0.920s] Level 1:colcon.colcon_core.package_discovery:discover_packages(prefix_path) discover
[0.922s] DEBUG:colcon.colcon_installed_package_information.package_discovery:Found 2 installed packages in /home/river/simulation/convoy/install
[0.924s] DEBUG:colcon.colcon_installed_package_information.package_discovery:Found 315 installed packages in /opt/ros/foxy
[0.926s] Level 1:colcon.colcon_core.package_discovery:discover_packages(prefix_path) using defaults
[1.018s] Level 5:colcon.colcon_core.verb:set package 'tapsdk' build argument 'cmake_args' from command line to 'None'
[1.018s] Level 5:colcon.colcon_core.verb:set package 'tapsdk' build argument 'cmake_target' from command line to 'None'
[1.018s] Level 5:colcon.colcon_core.verb:set package 'tapsdk' build argument 'cmake_target_skip_unavailable' from command line to 'False'
[1.018s] Level 5:colcon.colcon_core.verb:set package 'tapsdk' build argument 'cmake_clean_cache' from command line to 'False'
[1.018s] Level 5:colcon.colcon_core.verb:set package 'tapsdk' build argument 'cmake_clean_first' from command line to 'False'
[1.018s] Level 5:colcon.colcon_core.verb:set package 'tapsdk' build argument 'cmake_force_configure' from command line to 'False'
[1.018s] Level 5:colcon.colcon_core.verb:set package 'tapsdk' build argument 'ament_cmake_args' from command line to 'None'
[1.018s] Level 5:colcon.colcon_core.verb:set package 'tapsdk' build argument 'catkin_cmake_args' from command line to 'None'
[1.018s] Level 5:colcon.colcon_core.verb:set package 'tapsdk' build argument 'catkin_skip_building_tests' from command line to 'False'
[1.018s] DEBUG:colcon.colcon_core.verb:Building package 'tapsdk' with the following arguments: {'ament_cmake_args': None, 'build_base': '/home/river/simulation/convoy/build/tapsdk', 'catkin_cmake_args': None, 'catkin_skip_building_tests': False, 'cmake_args': None, 'cmake_clean_cache': False, 'cmake_clean_first': False, 'cmake_force_configure': False, 'cmake_target': None, 'cmake_target_skip_unavailable': False, 'install_base': '/home/river/simulation/convoy/install/tapsdk', 'merge_install': False, 'path': '/home/river/simulation/convoy/src/tap-python-sdk', 'symlink_install': False, 'test_result_base': None}
[1.019s] Level 5:colcon.colcon_core.verb:set package 'ts_convoy_comm' build argument 'cmake_args' from command line to 'None'
[1.019s] Level 5:colcon.colcon_core.verb:set package 'ts_convoy_comm' build argument 'cmake_target' from command line to 'None'
[1.019s] Level 5:colcon.colcon_core.verb:set package 'ts_convoy_comm' build argument 'cmake_target_skip_unavailable' from command line to 'False'
[1.019s] Level 5:colcon.colcon_core.verb:set package 'ts_convoy_comm' build argument 'cmake_clean_cache' from command line to 'False'
[1.019s] Level 5:colcon.colcon_core.verb:set package 'ts_convoy_comm' build argument 'cmake_clean_first' from command line to 'False'
[1.019s] Level 5:colcon.colcon_core.verb:set package 'ts_convoy_comm' build argument 'cmake_force_configure' from command line to 'False'
[1.019s] Level 5:colcon.colcon_core.verb:set package 'ts_convoy_comm' build argument 'ament_cmake_args' from command line to 'None'
[1.019s] Level 5:colcon.colcon_core.verb:set package 'ts_convoy_comm' build argument 'catkin_cmake_args' from command line to 'None'
[1.019s] Level 5:colcon.colcon_core.verb:set package 'ts_convoy_comm' build argument 'catkin_skip_building_tests' from command line to 'False'
[1.019s] DEBUG:colcon.colcon_core.verb:Building package 'ts_convoy_comm' with the following arguments: {'ament_cmake_args': None, 'build_base': '/home/river/simulation/convoy/build/ts_convoy_comm', 'catkin_cmake_args': None, 'catkin_skip_building_tests': False, 'cmake_args': None, 'cmake_clean_cache': False, 'cmake_clean_first': False, 'cmake_force_configure': False, 'cmake_target': None, 'cmake_target_skip_unavailable': False, 'install_base': '/home/river/simulation/convoy/install/ts_convoy_comm', 'merge_install': False, 'path': '/home/river/simulation/convoy/src/ts_convoy_comm', 'symlink_install': False, 'test_result_base': None}
[1.019s] INFO:colcon.colcon_core.executor:Executing jobs using 'parallel' executor
[1.020s] DEBUG:colcon.colcon_parallel_executor.executor.parallel:run_until_complete
[1.021s] INFO:colcon.colcon_core.task.python.build:Building Python package in '/home/river/simulation/convoy/src/tap-python-sdk'
[1.023s] INFO:colcon.colcon_core.plugin_system:Skipping extension 'colcon_core.shell.bat': Not used on non-Windows systems
[1.024s] INFO:colcon.colcon_core.shell:Skip shell extension 'powershell' for command environment: Not usable outside of PowerShell
[1.024s] DEBUG:colcon.colcon_core.shell:Skip shell extension 'dsv' for command environment
[1.030s] INFO:colcon.colcon_ros.task.ament_python.build:Building ROS package in '/home/river/simulation/convoy/src/ts_convoy_comm' with build type 'ament_python'
[1.030s] Level 1:colcon.colcon_core.shell:create_environment_hook('ts_convoy_comm', 'ament_prefix_path')
[1.031s] INFO:colcon.colcon_core.shell:Creating environment hook '/home/river/simulation/convoy/install/ts_convoy_comm/share/ts_convoy_comm/hook/ament_prefix_path.ps1'
[1.032s] INFO:colcon.colcon_core.shell:Creating environment descriptor '/home/river/simulation/convoy/install/ts_convoy_comm/share/ts_convoy_comm/hook/ament_prefix_path.dsv'
[1.033s] INFO:colcon.colcon_core.shell:Creating environment hook '/home/river/simulation/convoy/install/ts_convoy_comm/share/ts_convoy_comm/hook/ament_prefix_path.sh'
[1.034s] INFO:colcon.colcon_core.shell:Skip shell extension 'powershell' for command environment: Not usable outside of PowerShell
[1.034s] DEBUG:colcon.colcon_core.shell:Skip shell extension 'dsv' for command environment
[1.691s] INFO:colcon.colcon_core.task.python.build:Building Python package in '/home/river/simulation/convoy/src/ts_convoy_comm'
[1.692s] INFO:colcon.colcon_core.shell:Skip shell extension 'powershell' for command environment: Not usable outside of PowerShell
[1.692s] DEBUG:colcon.colcon_core.shell:Skip shell extension 'dsv' for command environment
[2.037s] DEBUG:colcon.colcon_core.event_handler.log_command:Invoking command in '/home/river/simulation/convoy/src/tap-python-sdk': PYTHONPATH=/home/river/simulation/convoy/build/tapsdk/prefix_override:/usr/lib/python3/dist-packages/colcon_core/task/python/colcon_distutils_commands:/home/river/simulation/convoy/install/tapsdk/lib/python3.8/site-packages:${PYTHONPATH} /usr/bin/python3 -W ignore:setup.py install is deprecated -W ignore:easy_install command is deprecated setup.py egg_info --egg-base ../../build/tapsdk build --build-base /home/river/simulation/convoy/build/tapsdk/build install --record /home/river/simulation/convoy/build/tapsdk/install.log --single-version-externally-managed
[2.298s] DEBUG:colcon.colcon_core.event_handler.log_command:Invoking command in '/home/river/simulation/convoy/src/ts_convoy_comm': PYTHONPATH=/home/river/simulation/convoy/build/ts_convoy_comm/prefix_override:/usr/lib/python3/dist-packages/colcon_core/task/python/colcon_distutils_commands:/home/river/simulation/convoy/install/ts_convoy_comm/lib/python3.8/site-packages:${PYTHONPATH} /usr/bin/python3 -W ignore:setup.py install is deprecated -W ignore:easy_install command is deprecated setup.py egg_info --egg-base ../../build/ts_convoy_comm build --build-base /home/river/simulation/convoy/build/ts_convoy_comm/build install --record /home/river/simulation/convoy/build/ts_convoy_comm/install.log --single-version-externally-managed install_data
[2.492s] DEBUG:colcon.colcon_core.event_handler.log_command:Invoked command in '/home/river/simulation/convoy/src/tap-python-sdk' returned '0': PYTHONPATH=/home/river/simulation/convoy/build/tapsdk/prefix_override:/usr/lib/python3/dist-packages/colcon_core/task/python/colcon_distutils_commands:/home/river/simulation/convoy/install/tapsdk/lib/python3.8/site-packages:${PYTHONPATH} /usr/bin/python3 -W ignore:setup.py install is deprecated -W ignore:easy_install command is deprecated setup.py egg_info --egg-base ../../build/tapsdk build --build-base /home/river/simulation/convoy/build/tapsdk/build install --record /home/river/simulation/convoy/build/tapsdk/install.log --single-version-externally-managed
[2.495s] Level 1:colcon.colcon_core.environment:checking '/home/river/simulation/convoy/install/tapsdk' for CMake module files
[2.496s] Level 1:colcon.colcon_core.environment:checking '/home/river/simulation/convoy/install/tapsdk' for CMake config files
[2.497s] Level 1:colcon.colcon_core.environment:checking '/home/river/simulation/convoy/install/tapsdk/lib'
[2.497s] Level 1:colcon.colcon_core.environment:checking '/home/river/simulation/convoy/install/tapsdk/bin'
[2.497s] Level 1:colcon.colcon_core.environment:checking '/home/river/simulation/convoy/install/tapsdk/lib/pkgconfig/tapsdk.pc'
[2.498s] Level 1:colcon.colcon_core.environment:checking '/home/river/simulation/convoy/install/tapsdk/lib/python3.8/site-packages'
[2.498s] Level 1:colcon.colcon_core.shell:create_environment_hook('tapsdk', 'pythonpath')
[2.498s] INFO:colcon.colcon_core.shell:Creating environment hook '/home/river/simulation/convoy/install/tapsdk/share/tapsdk/hook/pythonpath.ps1'
[2.499s] INFO:colcon.colcon_core.shell:Creating environment descriptor '/home/river/simulation/convoy/install/tapsdk/share/tapsdk/hook/pythonpath.dsv'
[2.500s] INFO:colcon.colcon_core.shell:Creating environment hook '/home/river/simulation/convoy/install/tapsdk/share/tapsdk/hook/pythonpath.sh'
[2.500s] Level 1:colcon.colcon_core.environment:checking '/home/river/simulation/convoy/install/tapsdk/bin'
[2.501s] Level 1:colcon.colcon_core.environment:create_environment_scripts_only(tapsdk)
[2.501s] INFO:colcon.colcon_core.shell:Creating package script '/home/river/simulation/convoy/install/tapsdk/share/tapsdk/package.ps1'
[2.502s] INFO:colcon.colcon_core.shell:Creating package descriptor '/home/river/simulation/convoy/install/tapsdk/share/tapsdk/package.dsv'
[2.503s] INFO:colcon.colcon_core.shell:Creating package script '/home/river/simulation/convoy/install/tapsdk/share/tapsdk/package.sh'
[2.503s] INFO:colcon.colcon_core.shell:Creating package script '/home/river/simulation/convoy/install/tapsdk/share/tapsdk/package.bash'
[2.504s] INFO:colcon.colcon_core.shell:Creating package script '/home/river/simulation/convoy/install/tapsdk/share/tapsdk/package.zsh'
[2.506s] Level 1:colcon.colcon_core.environment:create_file_with_runtime_dependencies(/home/river/simulation/convoy/install/tapsdk/share/colcon-core/packages/tapsdk)
[2.727s] Level 1:colcon.colcon_core.environment:checking '/home/river/simulation/convoy/install/ts_convoy_comm' for CMake module files
[2.728s] DEBUG:colcon.colcon_core.event_handler.log_command:Invoked command in '/home/river/simulation/convoy/src/ts_convoy_comm' returned '0': PYTHONPATH=/home/river/simulation/convoy/build/ts_convoy_comm/prefix_override:/usr/lib/python3/dist-packages/colcon_core/task/python/colcon_distutils_commands:/home/river/simulation/convoy/install/ts_convoy_comm/lib/python3.8/site-packages:${PYTHONPATH} /usr/bin/python3 -W ignore:setup.py install is deprecated -W ignore:easy_install command is deprecated setup.py egg_info --egg-base ../../build/ts_convoy_comm build --build-base /home/river/simulation/convoy/build/ts_convoy_comm/build install --record /home/river/simulation/convoy/build/ts_convoy_comm/install.log --single-version-externally-managed install_data
[2.728s] Level 1:colcon.colcon_core.environment:checking '/home/river/simulation/convoy/install/ts_convoy_comm' for CMake config files
[2.729s] Level 1:colcon.colcon_core.environment:checking '/home/river/simulation/convoy/install/ts_convoy_comm/lib'
[2.729s] Level 1:colcon.colcon_core.environment:checking '/home/river/simulation/convoy/install/ts_convoy_comm/bin'
[2.729s] Level 1:colcon.colcon_core.environment:checking '/home/river/simulation/convoy/install/ts_convoy_comm/lib/pkgconfig/ts_convoy_comm.pc'
[2.729s] Level 1:colcon.colcon_core.environment:checking '/home/river/simulation/convoy/install/ts_convoy_comm/lib/python3.8/site-packages'
[2.729s] Level 1:colcon.colcon_core.shell:create_environment_hook('ts_convoy_comm', 'pythonpath')
[2.730s] INFO:colcon.colcon_core.shell:Creating environment hook '/home/river/simulation/convoy/install/ts_convoy_comm/share/ts_convoy_comm/hook/pythonpath.ps1'
[2.730s] INFO:colcon.colcon_core.shell:Creating environment descriptor '/home/river/simulation/convoy/install/ts_convoy_comm/share/ts_convoy_comm/hook/pythonpath.dsv'
[2.731s] INFO:colcon.colcon_core.shell:Creating environment hook '/home/river/simulation/convoy/install/ts_convoy_comm/share/ts_convoy_comm/hook/pythonpath.sh'
[2.731s] Level 1:colcon.colcon_core.environment:checking '/home/river/simulation/convoy/install/ts_convoy_comm/bin'
[2.731s] Level 1:colcon.colcon_core.environment:create_environment_scripts_only(ts_convoy_comm)
[2.732s] INFO:colcon.colcon_core.shell:Creating package script '/home/river/simulation/convoy/install/ts_convoy_comm/share/ts_convoy_comm/package.ps1'
[2.732s] INFO:colcon.colcon_core.shell:Creating package descriptor '/home/river/simulation/convoy/install/ts_convoy_comm/share/ts_convoy_comm/package.dsv'
[2.733s] INFO:colcon.colcon_core.shell:Creating package script '/home/river/simulation/convoy/install/ts_convoy_comm/share/ts_convoy_comm/package.sh'
[2.733s] INFO:colcon.colcon_core.shell:Creating package script '/home/river/simulation/convoy/install/ts_convoy_comm/share/ts_convoy_comm/package.bash'
[2.734s] INFO:colcon.colcon_core.shell:Creating package script '/home/river/simulation/convoy/install/ts_convoy_comm/share/ts_convoy_comm/package.zsh'
[2.734s] Level 1:colcon.colcon_core.environment:create_file_with_runtime_dependencies(/home/river/simulation/convoy/install/ts_convoy_comm/share/colcon-core/packages/ts_convoy_comm)
[2.734s] DEBUG:colcon.colcon_parallel_executor.executor.parallel:closing loop
[2.735s] DEBUG:colcon.colcon_parallel_executor.executor.parallel:loop closed
[2.735s] DEBUG:colcon.colcon_parallel_executor.executor.parallel:run_until_complete finished with '0'
[2.735s] DEBUG:colcon.colcon_core.event_reactor:joining thread
[2.743s] INFO:colcon.colcon_core.plugin_system:Skipping extension 'colcon_notification.desktop_notification.terminal_notifier': Not used on non-Darwin systems
[2.743s] INFO:colcon.colcon_core.plugin_system:Skipping extension 'colcon_notification.desktop_notification.win32': Not used on non-Windows systems
[2.743s] INFO:colcon.colcon_notification.desktop_notification:Sending desktop notification using 'notify2'
[2.761s] DEBUG:colcon.colcon_core.event_reactor:joined thread
[2.762s] INFO:colcon.colcon_core.shell:Creating prefix script '/home/river/simulation/convoy/install/local_setup.ps1'
[2.763s] INFO:colcon.colcon_core.shell:Creating prefix util module '/home/river/simulation/convoy/install/_local_setup_util_ps1.py'
[2.765s] INFO:colcon.colcon_core.shell:Creating prefix chain script '/home/river/simulation/convoy/install/setup.ps1'
[2.767s] INFO:colcon.colcon_core.shell:Creating prefix script '/home/river/simulation/convoy/install/local_setup.sh'
[2.768s] INFO:colcon.colcon_core.shell:Creating prefix util module '/home/river/simulation/convoy/install/_local_setup_util_sh.py'
[2.769s] INFO:colcon.colcon_core.shell:Creating prefix chain script '/home/river/simulation/convoy/install/setup.sh'
[2.771s] INFO:colcon.colcon_core.shell:Creating prefix script '/home/river/simulation/convoy/install/local_setup.bash'
[2.772s] INFO:colcon.colcon_core.shell:Creating prefix chain script '/home/river/simulation/convoy/install/setup.bash'
[2.774s] INFO:colcon.colcon_core.shell:Creating prefix script '/home/river/simulation/convoy/install/local_setup.zsh'
[2.775s] INFO:colcon.colcon_core.shell:Creating prefix chain script '/home/river/simulation/convoy/install/setup.zsh'
