[0.963s] Invoking command in '/home/river/simulation/convoy/src/tap-python-sdk': PYTHONPATH=/home/river/simulation/convoy/build/tapsdk/prefix_override:/usr/lib/python3/dist-packages/colcon_core/task/python/colcon_distutils_commands:/home/river/simulation/convoy/install/tapsdk/lib/python3.8/site-packages:${PYTHONPATH} /usr/bin/python3 -W ignore:setup.py install is deprecated -W ignore:easy_install command is deprecated setup.py egg_info --egg-base ../../build/tapsdk build --build-base /home/river/simulation/convoy/build/tapsdk/build install --record /home/river/simulation/convoy/build/tapsdk/install.log --single-version-externally-managed
[1.306s] running egg_info
[1.307s] writing ../../build/tapsdk/tapsdk.egg-info/PKG-INFO
[1.307s] writing dependency_links to ../../build/tapsdk/tapsdk.egg-info/dependency_links.txt
[1.307s] writing requirements to ../../build/tapsdk/tapsdk.egg-info/requires.txt
[1.307s] writing top-level names to ../../build/tapsdk/tapsdk.egg-info/top_level.txt
[1.351s] reading manifest file '../../build/tapsdk/tapsdk.egg-info/SOURCES.txt'
[1.351s] reading manifest template 'MANIFEST.in'
[1.351s] warning: no files found matching '*' under directory 'tests'
[1.351s] warning: no previously-included files matching '__pycache__' found under directory '*'
[1.352s] warning: no previously-included files matching '*.py[co]' found under directory '*'
[1.352s] warning: no files found matching '*.rst' under directory 'docs'
[1.352s] warning: no files found matching '*.md' under directory 'docs'
[1.352s] warning: no files found matching 'conf.py' under directory 'docs'
[1.352s] warning: no files found matching 'Makefile' under directory 'docs'
[1.352s] warning: no files found matching 'make.bat' under directory 'docs'
[1.352s] warning: no files found matching '*.jpg' under directory 'docs'
[1.353s] warning: no files found matching '*.png' under directory 'docs'
[1.353s] warning: no files found matching '*.gif' under directory 'docs'
[1.353s] writing manifest file '../../build/tapsdk/tapsdk.egg-info/SOURCES.txt'
[1.353s] running build
[1.353s] running build_py
[1.355s] running install
[1.356s] running install_lib
[1.358s] running install_egg_info
[1.361s] removing '/home/river/simulation/convoy/install/tapsdk/lib/python3.8/site-packages/tapsdk-0.6.0-py3.8.egg-info' (and everything under it)
[1.361s] Copying ../../build/tapsdk/tapsdk.egg-info to /home/river/simulation/convoy/install/tapsdk/lib/python3.8/site-packages/tapsdk-0.6.0-py3.8.egg-info
[1.362s] running install_scripts
[1.386s] writing list of installed files to '/home/river/simulation/convoy/build/tapsdk/install.log'
[1.425s] Invoked command in '/home/river/simulation/convoy/src/tap-python-sdk' returned '0': PYTHONPATH=/home/river/simulation/convoy/build/tapsdk/prefix_override:/usr/lib/python3/dist-packages/colcon_core/task/python/colcon_distutils_commands:/home/river/simulation/convoy/install/tapsdk/lib/python3.8/site-packages:${PYTHONPATH} /usr/bin/python3 -W ignore:setup.py install is deprecated -W ignore:easy_install command is deprecated setup.py egg_info --egg-base ../../build/tapsdk build --build-base /home/river/simulation/convoy/build/tapsdk/build install --record /home/river/simulation/convoy/build/tapsdk/install.log --single-version-externally-managed
