running egg_info
creating ../../build/tapsdk/tapsdk.egg-info
writing ../../build/tapsdk/tapsdk.egg-info/PKG-INFO
writing dependency_links to ../../build/tapsdk/tapsdk.egg-info/dependency_links.txt
writing requirements to ../../build/tapsdk/tapsdk.egg-info/requires.txt
writing top-level names to ../../build/tapsdk/tapsdk.egg-info/top_level.txt
writing manifest file '../../build/tapsdk/tapsdk.egg-info/SOURCES.txt'
reading manifest file '../../build/tapsdk/tapsdk.egg-info/SOURCES.txt'
reading manifest template 'MANIFEST.in'
writing manifest file '../../build/tapsdk/tapsdk.egg-info/SOURCES.txt'
running build
running build_py
creating /home/river/simulation/convoy/build/tapsdk/build
creating /home/river/simulation/convoy/build/tapsdk/build/lib
creating /home/river/simulation/convoy/build/tapsdk/build/lib/tapsdk
copying tapsdk/parsers.py -> /home/river/simulation/convoy/build/tapsdk/build/lib/tapsdk
copying tapsdk/__init__.py -> /home/river/simulation/convoy/build/tapsdk/build/lib/tapsdk
copying tapsdk/__version__.py -> /home/river/simulation/convoy/build/tapsdk/build/lib/tapsdk
copying tapsdk/TapSDK.py -> /home/river/simulation/convoy/build/tapsdk/build/lib/tapsdk
creating /home/river/simulation/convoy/build/tapsdk/build/lib/tapsdk/models
copying tapsdk/models/__init__.py -> /home/river/simulation/convoy/build/tapsdk/build/lib/tapsdk/models
copying tapsdk/models/uuids.py -> /home/river/simulation/convoy/build/tapsdk/build/lib/tapsdk/models
copying tapsdk/models/enumerations.py -> /home/river/simulation/convoy/build/tapsdk/build/lib/tapsdk/models
creating /home/river/simulation/convoy/build/tapsdk/build/lib/tapsdk/backends
copying tapsdk/backends/__init__.py -> /home/river/simulation/convoy/build/tapsdk/build/lib/tapsdk/backends
creating /home/river/simulation/convoy/build/tapsdk/build/lib/tapsdk/backends/dotnet
copying tapsdk/backends/dotnet/__init__.py -> /home/river/simulation/convoy/build/tapsdk/build/lib/tapsdk/backends/dotnet
copying tapsdk/backends/dotnet/inputmodes.py -> /home/river/simulation/convoy/build/tapsdk/build/lib/tapsdk/backends/dotnet
copying tapsdk/backends/dotnet/TapSDK.py -> /home/river/simulation/convoy/build/tapsdk/build/lib/tapsdk/backends/dotnet
creating /home/river/simulation/convoy/build/tapsdk/build/lib/tapsdk/backends/posix
copying tapsdk/backends/posix/__init__.py -> /home/river/simulation/convoy/build/tapsdk/build/lib/tapsdk/backends/posix
copying tapsdk/backends/posix/inputmodes.py -> /home/river/simulation/convoy/build/tapsdk/build/lib/tapsdk/backends/posix
copying tapsdk/backends/posix/TapSDK.py -> /home/river/simulation/convoy/build/tapsdk/build/lib/tapsdk/backends/posix
copying tapsdk/backends/dotnet/TAPWin.dll -> /home/river/simulation/convoy/build/tapsdk/build/lib/tapsdk/backends/dotnet
running install
running install_lib
creating /home/river/simulation/convoy/install/tapsdk/lib/python3.8/site-packages/tapsdk
creating /home/river/simulation/convoy/install/tapsdk/lib/python3.8/site-packages/tapsdk/models
copying /home/river/simulation/convoy/build/tapsdk/build/lib/tapsdk/models/__init__.py -> /home/river/simulation/convoy/install/tapsdk/lib/python3.8/site-packages/tapsdk/models
copying /home/river/simulation/convoy/build/tapsdk/build/lib/tapsdk/models/uuids.py -> /home/river/simulation/convoy/install/tapsdk/lib/python3.8/site-packages/tapsdk/models
copying /home/river/simulation/convoy/build/tapsdk/build/lib/tapsdk/models/enumerations.py -> /home/river/simulation/convoy/install/tapsdk/lib/python3.8/site-packages/tapsdk/models
copying /home/river/simulation/convoy/build/tapsdk/build/lib/tapsdk/parsers.py -> /home/river/simulation/convoy/install/tapsdk/lib/python3.8/site-packages/tapsdk
copying /home/river/simulation/convoy/build/tapsdk/build/lib/tapsdk/__init__.py -> /home/river/simulation/convoy/install/tapsdk/lib/python3.8/site-packages/tapsdk
copying /home/river/simulation/convoy/build/tapsdk/build/lib/tapsdk/__version__.py -> /home/river/simulation/convoy/install/tapsdk/lib/python3.8/site-packages/tapsdk
creating /home/river/simulation/convoy/install/tapsdk/lib/python3.8/site-packages/tapsdk/backends
copying /home/river/simulation/convoy/build/tapsdk/build/lib/tapsdk/backends/__init__.py -> /home/river/simulation/convoy/install/tapsdk/lib/python3.8/site-packages/tapsdk/backends
creating /home/river/simulation/convoy/install/tapsdk/lib/python3.8/site-packages/tapsdk/backends/dotnet
copying /home/river/simulation/convoy/build/tapsdk/build/lib/tapsdk/backends/dotnet/__init__.py -> /home/river/simulation/convoy/install/tapsdk/lib/python3.8/site-packages/tapsdk/backends/dotnet
copying /home/river/simulation/convoy/build/tapsdk/build/lib/tapsdk/backends/dotnet/inputmodes.py -> /home/river/simulation/convoy/install/tapsdk/lib/python3.8/site-packages/tapsdk/backends/dotnet
copying /home/river/simulation/convoy/build/tapsdk/build/lib/tapsdk/backends/dotnet/TAPWin.dll -> /home/river/simulation/convoy/install/tapsdk/lib/python3.8/site-packages/tapsdk/backends/dotnet
copying /home/river/simulation/convoy/build/tapsdk/build/lib/tapsdk/backends/dotnet/TapSDK.py -> /home/river/simulation/convoy/install/tapsdk/lib/python3.8/site-packages/tapsdk/backends/dotnet
creating /home/river/simulation/convoy/install/tapsdk/lib/python3.8/site-packages/tapsdk/backends/posix
copying /home/river/simulation/convoy/build/tapsdk/build/lib/tapsdk/backends/posix/__init__.py -> /home/river/simulation/convoy/install/tapsdk/lib/python3.8/site-packages/tapsdk/backends/posix
copying /home/river/simulation/convoy/build/tapsdk/build/lib/tapsdk/backends/posix/inputmodes.py -> /home/river/simulation/convoy/install/tapsdk/lib/python3.8/site-packages/tapsdk/backends/posix
copying /home/river/simulation/convoy/build/tapsdk/build/lib/tapsdk/backends/posix/TapSDK.py -> /home/river/simulation/convoy/install/tapsdk/lib/python3.8/site-packages/tapsdk/backends/posix
copying /home/river/simulation/convoy/build/tapsdk/build/lib/tapsdk/TapSDK.py -> /home/river/simulation/convoy/install/tapsdk/lib/python3.8/site-packages/tapsdk
byte-compiling /home/river/simulation/convoy/install/tapsdk/lib/python3.8/site-packages/tapsdk/models/__init__.py to __init__.cpython-38.pyc
byte-compiling /home/river/simulation/convoy/install/tapsdk/lib/python3.8/site-packages/tapsdk/models/uuids.py to uuids.cpython-38.pyc
byte-compiling /home/river/simulation/convoy/install/tapsdk/lib/python3.8/site-packages/tapsdk/models/enumerations.py to enumerations.cpython-38.pyc
byte-compiling /home/river/simulation/convoy/install/tapsdk/lib/python3.8/site-packages/tapsdk/parsers.py to parsers.cpython-38.pyc
byte-compiling /home/river/simulation/convoy/install/tapsdk/lib/python3.8/site-packages/tapsdk/__init__.py to __init__.cpython-38.pyc
byte-compiling /home/river/simulation/convoy/install/tapsdk/lib/python3.8/site-packages/tapsdk/__version__.py to __version__.cpython-38.pyc
byte-compiling /home/river/simulation/convoy/install/tapsdk/lib/python3.8/site-packages/tapsdk/backends/__init__.py to __init__.cpython-38.pyc
byte-compiling /home/river/simulation/convoy/install/tapsdk/lib/python3.8/site-packages/tapsdk/backends/dotnet/__init__.py to __init__.cpython-38.pyc
byte-compiling /home/river/simulation/convoy/install/tapsdk/lib/python3.8/site-packages/tapsdk/backends/dotnet/inputmodes.py to inputmodes.cpython-38.pyc
byte-compiling /home/river/simulation/convoy/install/tapsdk/lib/python3.8/site-packages/tapsdk/backends/dotnet/TapSDK.py to TapSDK.cpython-38.pyc
byte-compiling /home/river/simulation/convoy/install/tapsdk/lib/python3.8/site-packages/tapsdk/backends/posix/__init__.py to __init__.cpython-38.pyc
byte-compiling /home/river/simulation/convoy/install/tapsdk/lib/python3.8/site-packages/tapsdk/backends/posix/inputmodes.py to inputmodes.cpython-38.pyc
byte-compiling /home/river/simulation/convoy/install/tapsdk/lib/python3.8/site-packages/tapsdk/backends/posix/TapSDK.py to TapSDK.cpython-38.pyc
byte-compiling /home/river/simulation/convoy/install/tapsdk/lib/python3.8/site-packages/tapsdk/TapSDK.py to TapSDK.cpython-38.pyc
running install_egg_info
Copying ../../build/tapsdk/tapsdk.egg-info to /home/river/simulation/convoy/install/tapsdk/lib/python3.8/site-packages/tapsdk-0.6.0-py3.8.egg-info
running install_scripts
writing list of installed files to '/home/river/simulation/convoy/build/tapsdk/install.log'
