[0.982s] Invoking command in '/home/river/simulation/convoy/src/tap-python-sdk': PYTHONPATH=/home/river/simulation/convoy/build/tapsdk/prefix_override:/usr/lib/python3/dist-packages/colcon_core/task/python/colcon_distutils_commands:/home/river/simulation/convoy/install/tapsdk/lib/python3.8/site-packages:${PYTHONPATH} /usr/bin/python3 -W ignore:setup.py install is deprecated -W ignore:easy_install command is deprecated setup.py egg_info --egg-base ../../build/tapsdk build --build-base /home/river/simulation/convoy/build/tapsdk/build install --record /home/river/simulation/convoy/build/tapsdk/install.log --single-version-externally-managed
[1.317s] running egg_info
[1.318s] creating ../../build/tapsdk/tapsdk.egg-info
[1.318s] writing ../../build/tapsdk/tapsdk.egg-info/PKG-INFO
[1.318s] writing dependency_links to ../../build/tapsdk/tapsdk.egg-info/dependency_links.txt
[1.319s] writing requirements to ../../build/tapsdk/tapsdk.egg-info/requires.txt
[1.319s] writing top-level names to ../../build/tapsdk/tapsdk.egg-info/top_level.txt
[1.320s] writing manifest file '../../build/tapsdk/tapsdk.egg-info/SOURCES.txt'
[1.370s] reading manifest file '../../build/tapsdk/tapsdk.egg-info/SOURCES.txt'
[1.370s] reading manifest template 'MANIFEST.in'
[1.370s] warning: no files found matching '*' under directory 'tests'
[1.370s] warning: no previously-included files matching '__pycache__' found under directory '*'
[1.371s] warning: no previously-included files matching '*.py[co]' found under directory '*'
[1.371s] warning: no files found matching '*.rst' under directory 'docs'
[1.371s] warning: no files found matching '*.md' under directory 'docs'
[1.371s] warning: no files found matching 'conf.py' under directory 'docs'
[1.371s] warning: no files found matching 'Makefile' under directory 'docs'
[1.371s] warning: no files found matching 'make.bat' under directory 'docs'
[1.371s] warning: no files found matching '*.jpg' under directory 'docs'
[1.371s] warning: no files found matching '*.png' under directory 'docs'
[1.371s] warning: no files found matching '*.gif' under directory 'docs'
[1.372s] writing manifest file '../../build/tapsdk/tapsdk.egg-info/SOURCES.txt'
[1.372s] running build
[1.372s] running build_py
[1.372s] creating /home/river/simulation/convoy/build/tapsdk/build
[1.372s] creating /home/river/simulation/convoy/build/tapsdk/build/lib
[1.372s] creating /home/river/simulation/convoy/build/tapsdk/build/lib/tapsdk
[1.372s] copying tapsdk/parsers.py -> /home/river/simulation/convoy/build/tapsdk/build/lib/tapsdk
[1.372s] copying tapsdk/__init__.py -> /home/river/simulation/convoy/build/tapsdk/build/lib/tapsdk
[1.373s] copying tapsdk/__version__.py -> /home/river/simulation/convoy/build/tapsdk/build/lib/tapsdk
[1.373s] copying tapsdk/TapSDK.py -> /home/river/simulation/convoy/build/tapsdk/build/lib/tapsdk
[1.373s] creating /home/river/simulation/convoy/build/tapsdk/build/lib/tapsdk/models
[1.373s] copying tapsdk/models/__init__.py -> /home/river/simulation/convoy/build/tapsdk/build/lib/tapsdk/models
[1.373s] copying tapsdk/models/uuids.py -> /home/river/simulation/convoy/build/tapsdk/build/lib/tapsdk/models
[1.373s] copying tapsdk/models/enumerations.py -> /home/river/simulation/convoy/build/tapsdk/build/lib/tapsdk/models
[1.373s] creating /home/river/simulation/convoy/build/tapsdk/build/lib/tapsdk/backends
[1.373s] copying tapsdk/backends/__init__.py -> /home/river/simulation/convoy/build/tapsdk/build/lib/tapsdk/backends
[1.374s] creating /home/river/simulation/convoy/build/tapsdk/build/lib/tapsdk/backends/dotnet
[1.374s] copying tapsdk/backends/dotnet/__init__.py -> /home/river/simulation/convoy/build/tapsdk/build/lib/tapsdk/backends/dotnet
[1.374s] copying tapsdk/backends/dotnet/inputmodes.py -> /home/river/simulation/convoy/build/tapsdk/build/lib/tapsdk/backends/dotnet
[1.374s] copying tapsdk/backends/dotnet/TapSDK.py -> /home/river/simulation/convoy/build/tapsdk/build/lib/tapsdk/backends/dotnet
[1.374s] creating /home/river/simulation/convoy/build/tapsdk/build/lib/tapsdk/backends/posix
[1.374s] copying tapsdk/backends/posix/__init__.py -> /home/river/simulation/convoy/build/tapsdk/build/lib/tapsdk/backends/posix
[1.374s] copying tapsdk/backends/posix/inputmodes.py -> /home/river/simulation/convoy/build/tapsdk/build/lib/tapsdk/backends/posix
[1.374s] copying tapsdk/backends/posix/TapSDK.py -> /home/river/simulation/convoy/build/tapsdk/build/lib/tapsdk/backends/posix
[1.375s] copying tapsdk/backends/dotnet/TAPWin.dll -> /home/river/simulation/convoy/build/tapsdk/build/lib/tapsdk/backends/dotnet
[1.375s] running install
[1.376s] running install_lib
[1.378s] creating /home/river/simulation/convoy/install/tapsdk/lib/python3.8/site-packages/tapsdk
[1.378s] creating /home/river/simulation/convoy/install/tapsdk/lib/python3.8/site-packages/tapsdk/models
[1.378s] copying /home/river/simulation/convoy/build/tapsdk/build/lib/tapsdk/models/__init__.py -> /home/river/simulation/convoy/install/tapsdk/lib/python3.8/site-packages/tapsdk/models
[1.378s] copying /home/river/simulation/convoy/build/tapsdk/build/lib/tapsdk/models/uuids.py -> /home/river/simulation/convoy/install/tapsdk/lib/python3.8/site-packages/tapsdk/models
[1.378s] copying /home/river/simulation/convoy/build/tapsdk/build/lib/tapsdk/models/enumerations.py -> /home/river/simulation/convoy/install/tapsdk/lib/python3.8/site-packages/tapsdk/models
[1.378s] copying /home/river/simulation/convoy/build/tapsdk/build/lib/tapsdk/parsers.py -> /home/river/simulation/convoy/install/tapsdk/lib/python3.8/site-packages/tapsdk
[1.378s] copying /home/river/simulation/convoy/build/tapsdk/build/lib/tapsdk/__init__.py -> /home/river/simulation/convoy/install/tapsdk/lib/python3.8/site-packages/tapsdk
[1.379s] copying /home/river/simulation/convoy/build/tapsdk/build/lib/tapsdk/__version__.py -> /home/river/simulation/convoy/install/tapsdk/lib/python3.8/site-packages/tapsdk
[1.379s] creating /home/river/simulation/convoy/install/tapsdk/lib/python3.8/site-packages/tapsdk/backends
[1.379s] copying /home/river/simulation/convoy/build/tapsdk/build/lib/tapsdk/backends/__init__.py -> /home/river/simulation/convoy/install/tapsdk/lib/python3.8/site-packages/tapsdk/backends
[1.379s] creating /home/river/simulation/convoy/install/tapsdk/lib/python3.8/site-packages/tapsdk/backends/dotnet
[1.379s] copying /home/river/simulation/convoy/build/tapsdk/build/lib/tapsdk/backends/dotnet/__init__.py -> /home/river/simulation/convoy/install/tapsdk/lib/python3.8/site-packages/tapsdk/backends/dotnet
[1.379s] copying /home/river/simulation/convoy/build/tapsdk/build/lib/tapsdk/backends/dotnet/inputmodes.py -> /home/river/simulation/convoy/install/tapsdk/lib/python3.8/site-packages/tapsdk/backends/dotnet
[1.379s] copying /home/river/simulation/convoy/build/tapsdk/build/lib/tapsdk/backends/dotnet/TAPWin.dll -> /home/river/simulation/convoy/install/tapsdk/lib/python3.8/site-packages/tapsdk/backends/dotnet
[1.379s] copying /home/river/simulation/convoy/build/tapsdk/build/lib/tapsdk/backends/dotnet/TapSDK.py -> /home/river/simulation/convoy/install/tapsdk/lib/python3.8/site-packages/tapsdk/backends/dotnet
[1.379s] creating /home/river/simulation/convoy/install/tapsdk/lib/python3.8/site-packages/tapsdk/backends/posix
[1.380s] copying /home/river/simulation/convoy/build/tapsdk/build/lib/tapsdk/backends/posix/__init__.py -> /home/river/simulation/convoy/install/tapsdk/lib/python3.8/site-packages/tapsdk/backends/posix
[1.380s] copying /home/river/simulation/convoy/build/tapsdk/build/lib/tapsdk/backends/posix/inputmodes.py -> /home/river/simulation/convoy/install/tapsdk/lib/python3.8/site-packages/tapsdk/backends/posix
[1.380s] copying /home/river/simulation/convoy/build/tapsdk/build/lib/tapsdk/backends/posix/TapSDK.py -> /home/river/simulation/convoy/install/tapsdk/lib/python3.8/site-packages/tapsdk/backends/posix
[1.380s] copying /home/river/simulation/convoy/build/tapsdk/build/lib/tapsdk/TapSDK.py -> /home/river/simulation/convoy/install/tapsdk/lib/python3.8/site-packages/tapsdk
[1.380s] byte-compiling /home/river/simulation/convoy/install/tapsdk/lib/python3.8/site-packages/tapsdk/models/__init__.py to __init__.cpython-38.pyc
[1.382s] byte-compiling /home/river/simulation/convoy/install/tapsdk/lib/python3.8/site-packages/tapsdk/models/uuids.py to uuids.cpython-38.pyc
[1.382s] byte-compiling /home/river/simulation/convoy/install/tapsdk/lib/python3.8/site-packages/tapsdk/models/enumerations.py to enumerations.cpython-38.pyc
[1.382s] byte-compiling /home/river/simulation/convoy/install/tapsdk/lib/python3.8/site-packages/tapsdk/parsers.py to parsers.cpython-38.pyc
[1.383s] byte-compiling /home/river/simulation/convoy/install/tapsdk/lib/python3.8/site-packages/tapsdk/__init__.py to __init__.cpython-38.pyc
[1.383s] byte-compiling /home/river/simulation/convoy/install/tapsdk/lib/python3.8/site-packages/tapsdk/__version__.py to __version__.cpython-38.pyc
[1.384s] byte-compiling /home/river/simulation/convoy/install/tapsdk/lib/python3.8/site-packages/tapsdk/backends/__init__.py to __init__.cpython-38.pyc
[1.384s] byte-compiling /home/river/simulation/convoy/install/tapsdk/lib/python3.8/site-packages/tapsdk/backends/dotnet/__init__.py to __init__.cpython-38.pyc
[1.384s] byte-compiling /home/river/simulation/convoy/install/tapsdk/lib/python3.8/site-packages/tapsdk/backends/dotnet/inputmodes.py to inputmodes.cpython-38.pyc
[1.385s] byte-compiling /home/river/simulation/convoy/install/tapsdk/lib/python3.8/site-packages/tapsdk/backends/dotnet/TapSDK.py to TapSDK.cpython-38.pyc
[1.385s] byte-compiling /home/river/simulation/convoy/install/tapsdk/lib/python3.8/site-packages/tapsdk/backends/posix/__init__.py to __init__.cpython-38.pyc
[1.385s] byte-compiling /home/river/simulation/convoy/install/tapsdk/lib/python3.8/site-packages/tapsdk/backends/posix/inputmodes.py to inputmodes.cpython-38.pyc
[1.386s] byte-compiling /home/river/simulation/convoy/install/tapsdk/lib/python3.8/site-packages/tapsdk/backends/posix/TapSDK.py to TapSDK.cpython-38.pyc
[1.388s] byte-compiling /home/river/simulation/convoy/install/tapsdk/lib/python3.8/site-packages/tapsdk/TapSDK.py to TapSDK.cpython-38.pyc
[1.389s] running install_egg_info
[1.391s] Copying ../../build/tapsdk/tapsdk.egg-info to /home/river/simulation/convoy/install/tapsdk/lib/python3.8/site-packages/tapsdk-0.6.0-py3.8.egg-info
[1.391s] running install_scripts
[1.412s] writing list of installed files to '/home/river/simulation/convoy/build/tapsdk/install.log'
[1.455s] Invoked command in '/home/river/simulation/convoy/src/tap-python-sdk' returned '0': PYTHONPATH=/home/river/simulation/convoy/build/tapsdk/prefix_override:/usr/lib/python3/dist-packages/colcon_core/task/python/colcon_distutils_commands:/home/river/simulation/convoy/install/tapsdk/lib/python3.8/site-packages:${PYTHONPATH} /usr/bin/python3 -W ignore:setup.py install is deprecated -W ignore:easy_install command is deprecated setup.py egg_info --egg-base ../../build/tapsdk build --build-base /home/river/simulation/convoy/build/tapsdk/build install --record /home/river/simulation/convoy/build/tapsdk/install.log --single-version-externally-managed
